1008.0 286.357142857
1010.0 169.889108911
1001.0 365.458541459
1009.0 324.03567889
1010.0 299.897029703
1010.0 222.693069307
1010.0 281.726732673
1010.0 272.807920792
1002.0 314.578842315
1008.0 307.277777778
1009.0 276.582755203
1001.0 268.427572428
1010.0 356.784158416
1020.0 275.498039216
1001.0 317.058941059
1008.0 233.992063492
1001.0 247.360639361
1010.0 402.835643564
1001.0 406.457542458
1009.0 423.57185332
1001.0 313.526473526
1009.0 313.752229931
1001.0 301.226773227
1009.0 264.380574827
1010.0 205.085148515
1009.0 264.943508424
1001.0 345.758241758
1010.0 347.302970297
1010.0 294.479207921
1009.0 248.672943508
1002.0 275.784431138
1018.0 255.882121807
1001.0 297.126873127
1009.0 246.755203171
1001.0 213.762237762
1001.0 220.027972028
1008.0 219.063492063
1001.0 244.627372627
1009.0 206.64420218
1001.0 232.895104895
1010.0 284.435643564
1020.0 260.745098039
1019.0 247.576054956
1001.0 252.827172827
1001.0 227.428571429
1008.0 260.571428571
1010.0 221.338613861
1010.0 218.067326733
1001.0 205.562437562
1009.0 216.92765114
1001.0 194.629370629
1009.0 238.164519326
1001.0 216.955044955
1001.0 216.495504496
1008.0 223.928571429
1010.0 225.399009901
1010.0 274.954455446
1010.0 253.848514851
1010.0 255.2
1010.0 270.891089109
1001.0 221.962037962
1009.0 260.313181368
1001.0 257.494505495
1009.0 256.808721506
1140.0 283.699122807
1001.0 336.191808192
1009.0 290.703666997
1001.0 310.793206793
1001.0 342.225774226
1078.0 330.471243043
1001.0 336.191808192
1009.0 300.194251734
1011.0 300.953511375
1009.0 344.935579782
1001.0 317.058941059
1009.0 292.059464817
1020.0 270.133333333
1010.0 275.516831683
1001.0 286.993006993
1009.0 190.374628345
1010.0 265.473267327
1010.0 276.871287129
1001.0 485.722277722
1060.0 506.973584906
1001.0 379.924075924
1008.0 361.563492063
1010.0 344.594059406
1001.0 379.124875125
1009.0 351.71456888
1010.0 295.833663366
1009.0 267.092170466
1001.0 293.025974026
1001.0 249.294705295
1008.0 234.785714286
1001.0 227.428571429
1009.0 249.466798811
1001.0 231.528471528
1010.0 236.237623762
1010.0 276.308910891
1001.0 282.093906094
1009.0 282.568880079
1001.0 340.291708292
1001.0 273.894105894
1018.0 188.691552063
1009.0 241.332011893
1011.0 215.707220574
1009.0 244.043607532
1001.0 226.061938062
1009.0 234.553022795
1001.0 228.795204795
1020.0 223.192156863
1009.0 261.668979187
1012.0 235.770750988
1008.0 255.142857143
1010.0 213.211881188
1001.0 189.962037962
1009.0 179.528245788
1010.0 212.64950495
1001.0 194.629370629
1019.0 206.743866536
1010.0 167.16039604
1010.0 176.079207921
1020.0 176.250980392
1010.0 174.724752475
1010.0 138.154455446
1010.0 104.855445545
1001.0 155.796203796
1009.0 124.733399405
1010.0 98.0831683168
1010.0 92.102970297
1020.0 80.4705882353
1030.0 62.4233009709
1030.0 55.7825242718
1410.0 40.1822695035
1020.0 60.3529411765
4799.0 8.55178162117
1140.0 32.4
1920.0 4.9875
1020.0 41.5764705882
5130.0 3.21871345029
1019.0 38.9322865554
1070.0 2.46728971963
2581.0 13.8055017435
3809.0 11.475977947
4031.0 19.8243612007
1009.0 98.9732408325
1020.0 73.6
1010.0 82.7881188119
1011.0 74.4213649852
1029.0 71.7900874636
1160.0 1.66896551724
1001.0 76.5314685315
1009.0 84.0594648167
1040.0 44.7230769231
1040.0 115.753846154
1870.0 43.4652406417
1010.0 104.293069307
1011.0 113.661721068
1019.0 89.9470068695
1010.0 67.7227722772
1010.0 65.5762376238
1010.0 128.673267327
1010.0 116.483168317
1091.0 114.625114574
1010.0 130.027722772
1008.0 116.714285714
1010.0 130.027722772
1010.0 156.324752475
1002.0 94.2035928144
1008.0 84.1428571429
1505.0 10.8863787375
1015.0 170.41182266
1010.0 96.1663366337
1001.0 71.0649350649
1019.0 87.2620215898
1030.0 66.959223301
1020.0 80.4705882353
1030.0 79.6893203883
1019.0 71.1521099117
1002.0 43.6886227545
1028.0 49.2373540856
1010.0 59.596039604
1010.0 31.7148514851
1010.0 59.596039604
1040.0 43.4076923077
1001.0 50.5654345654
1039.0 39.499518768
1030.0 33.2349514563
1030.0 31.8446601942
1030.0 34.532038835
1010.0 32.5069306931
1040.0 22.3615384615
1029.0 22.6005830904
1051.0 22.6679352997
1029.0 47.860058309
1011.0 31.1216617211
1009.0 31.1833498513
1001.0 28.6993006993
1010.0 31.0178217822
1030.0 28.0233009709
1070.0 23.0130841121
1049.0 20.8655862726
1091.0 17.5545371219
1100.0 19.8981818182
13354.0 0.102441216115
1010.0 127.881188119
1001.0 496.655344655
1001.0 593.686313686
1018.0 518.483300589
1002.0 580.806387226
1001.0 541.754245754
1008.0 568.412698413
1002.0 657.261477046
3287.0 30.5543048372
1052.0 389.353612167
1001.0 596.41958042
1002.0 583.536926148
1005.0 563.303482587
1001.0 586.853146853
1008.0 508.134920635
1011.0 413.262116716
1020.0 406.933333333
1001.0 422.057942058
1010.0 473.267326733
1062.0 443.653483992
1007.0 687.165839126
1011.0 627.054401583
1001.0 614.753246753
1001.0 683.884115884
1001.0 534.121878122
1001.0 605.986013986
1025.0 587.012682927
1001.0 656.551448551
1009.0 622.081268583
1010.0 633.093069307
1011.0 566.726013848
1010.0 673.726732673
1001.0 654.385614386
1048.0 643.312977099
1012.0 635.897233202
1038.0 565.163776493
1001.0 610.085914086
1060.0 581.826415094
1019.0 400.619234544
1001.0 605.986013986
1079.0 577.920296571
1001.0 622.385614386
1037.0 584.177434908
1001.0 640.151848152
1039.0 567.253128008
1009.0 510.342913776
1001.0 611.452547453
1001.0 551.888111888
1001.0 621.018981019
1058.0 535.085066163
1001.0 577.286713287
1008.0 573.277777778
1001.0 547.788211788
1008.0 618.063492063
1030.0 521.739805825
1001.0 590.953046953
1001.0 580.01998002
1001.0 514.989010989
1002.0 601.285429142
1025.0 564.323902439
1001.0 638.785214785
1080.0 545.718518519
1001.0 590.953046953
1001.0 547.220779221
1007.0 495.618669315
1001.0 567.72027972
1001.0 648.351648352
1040.0 452.269230769
1001.0 627.853146853
1028.0 536.062256809
1009.0 598.466798811
1001.0 611.455544456
1001.0 539.569430569
1008.0 343.939484127
1001.0 496.655344655
1001.0 485.722277722
1008.0 523.063492063
1010.0 490.083168317
1001.0 503.488511489
1001.0 611.44955045
1019.0 520.662414132
1001.0 600.519480519
1068.0 567.218164794
1001.0 577.28971029
1016.0 597.038385827
1003.0 523.509471585
1001.0 554.053946054
1008.0 597.25
1002.0 539.508982036
1001.0 544.487512488
1001.0 541.754245754
1001.0 473.99000999
1006.0 588.015904573
1001.0 503.488511489
1001.0 527.288711289
1009.0 552.372646184
1001.0 518.521478521
1067.0 490.826616682
1001.0 566.353646354
1001.0 575.92007992
1001.0 417.390609391
1008.0 480.992063492
1001.0 512.255744256
1009.0 586.267591675
1012.0 531.019762846
1008.0 581.420634921
1011.0 524.21760633
1001.0 560.087912088
1005.0 580.433830846
1003.0 555.676969093
1001.0 491.756243756
1001.0 619.652347652
1058.0 545.429111531
1001.0 651.084915085
1002.0 603.21756487
1006.0 664.167992048
1001.0 594.253746254
1002.0 673.644710579
1001.0 586.053946054
1002.0 666.818363273
1015.0 530.798029557
1001.0 640.151848152
1008.0 539.912698413
1001.0 653.818181818
1078.0 504.853432282
1001.0 537.654345654
1001.0 610.085914086
1001.0 508.155844156
1008.0 561.063492063
1010.0 530.145544554
1001.0 510.330669331
1001.0 490.38961039
1007.0 504.564051639
1001.0 515.788211788
1001.0 513.054945055
1009.0 498.703666997
1001.0 566.353646354
1001.0 508.955044955
1107.0 445.904245709
1011.0 535.042532146
1001.0 484.355644356
1009.0 456.111000991
1001.0 496.655344655
1001.0 455.656343656
1007.0 494.260178749
1015.0 546.41182266
1006.0 549.940357853
1001.0 468.522477522
1009.0 542.863230922
1009.0 301.568880079
1001.0 476.155844156
1001.0 418.757242757
1009.0 475.092170466
1001.0 522.621378621
1009.0 415.437066402
1009.0 401.879088206
1001.0 257.494505495
1001.0 413.290709291
1008.0 460.634920635
1010.0 519.318811881
1009.0 487.85728444
1020.0 400.22745098
1050.0 391.398095238
1001.0 616.919080919
1009.0 541.526263627
1010.0 455.659405941
1059.0 398.942398489
1041.0 396.096061479
1060.0 383.833962264
1001.0 390.857142857
1008.0 236.706349206
1001.0 332.659340659
1010.0 393.354455446
1001.0 306.693306693
1001.0 237.794205794
1018.0 241.100196464
1001.0 274.693306693
1008.0 235.349206349
1010.0 201.358415842
1001.0 158.18981019
1001.0 187.228771229
1009.0 218.846382557
1001.0 237.794205794
1019.0 156.286555447
1001.0 282.093906094
1008.0 350.142857143
1010.0 190.186138614
1020.0 254.039215686
1001.0 259.66033966
1009.0 203.932606541
1001.0 271.96003996
1024.0 235.6796875
1007.0 273.620655412
1008.0 377.285714286
1001.0 276.627372627
1001.0 260.227772228
1258.0 226.63990461
1021.0 290.750244858
1010.0 289.061386139
1009.0 274.434093162
1001.0 266.493506494
1001.0 254.761238761
1018.0 301.571709234
1001.0 340.291708292
1009.0 323.242814668
1001.0 301.226773227
1001.0 342.225774226
1008.0 328.992063492
1002.0 358.26746507
1008.0 346.071428571
1001.0 306.693306693
1010.0 328.340594059
1009.0 347.647175421
1001.0 303.96003996
1001.0 371.724275724
1008.0 392.777777778
1080.0 412.718518519
1001.0 401.79020979
1009.0 311.040634291
1010.0 314.796039604
1010.0 393.354455446
1001.0 405.090909091
1010.0 329.694059406
1001.0 332.659340659
1039.0 350.77574591
1001.0 403.156843157
1008.0 330.349206349
1002.0 404.686626747
1008.0 441.634920635
1001.0 370.925074925
1001.0 365.458541459
1018.0 344.57367387
1001.0 469.322677323
1098.0 493.16575592
1002.0 512.542914172
1001.0 644.251748252
1001.0 498.589410589
1007.0 549.394240318
1002.0 427.896207585
1008.0 428.063492063
1006.0 422.115308151
1004.0 469.282868526
1010.0 416.38019802
1001.0 470.689310689
1039.0 450.071222329
1001.0 570.453546454
1009.0 533.39147671
1039.0 508.003849856
1001.0 480.255744256
1001.0 502.121878122
1019.0 373.770363101
1001.0 571.82017982
